<?xml version="1.0" encoding="UTF-8"?>
<!-- Generated by org.testng.reporters.JUnitReportReporter -->
<testsuite hostname="DESKTOP-STLTQQF" failures="0" tests="3" name="com.vtiger.practice.TestNgPractie1Test" time="0.014" errors="0" timestamp="2022-05-16T17:39:50 IST" skipped="0">
  <testcase classname="com.vtiger.practice.TestNgPractie1Test" name="practice1test" time="0.005"/>
  <system-out>
    <![CDATA[TestNgPractie1----> Test1]]>
  </system-out>
  <testcase classname="com.vtiger.practice.TestNgPractie1Test" name="practice2test" time="0.005"/>
  <system-out>
    <![CDATA[TestNgPractice1----> Test2]]>
  </system-out>
  <testcase classname="com.vtiger.practice.TestNgPractie1Test" name="practice3test" time="0.004"/>
  <system-out>
    <![CDATA[TestNgPractice1----> Test3]]>
  </system-out>
</testsuite> <!-- com.vtiger.practice.TestNgPractie1Test -->
