<?xml version="1.0" encoding="UTF-8"?>
<!-- Generated by org.testng.reporters.JUnitReportReporter -->
<testsuite hostname="DESKTOP-STLTQQF" failures="0" tests="1" name="com.vtiger.productTest.CreateProductTest" time="47.149" errors="0" timestamp="2022-05-19T17:20:25 IST" skipped="0">
  <testcase classname="com.vtiger.productTest.CreateProductTest" name="CreateProductFromExcelandPfBaseTest" time="47.149"/>
  <system-out/>
</testsuite> <!-- com.vtiger.productTest.CreateProductTest -->
