<?xml version="1.0" encoding="UTF-8"?>
<!-- Generated by org.testng.reporters.JUnitReportReporter -->
<testsuite hostname="DESKTOP-STLTQQF" failures="0" tests="2" name="com.vtiger.practice.TestNgPractice1Test" time="0.015" errors="0" timestamp="2022-05-19T15:07:49 IST" skipped="0">
  <testcase classname="com.vtiger.practice.TestNgPractice1Test" name="practice1test" time="0.007"/>
  <system-out>
    <![CDATA[TestNgPractie1----> Test1]]>
  </system-out>
  <testcase classname="com.vtiger.practice.TestNgPractice1Test" name="practice2test" time="0.008"/>
  <system-out>
    <![CDATA[TestNgPractice1----> Test2]]>
  </system-out>
</testsuite> <!-- com.vtiger.practice.TestNgPractice1Test -->
