<?xml version="1.0" encoding="UTF-8"?>
<!-- Generated by org.testng.reporters.JUnitReportReporter -->
<testsuite hostname="DESKTOP-STLTQQF" failures="0" tests="1" name="com.vtiger.campaign.CreateCampaignTest" time="44.105" errors="0" timestamp="2022-05-24T15:19:27 IST" skipped="0">
  <testcase classname="com.vtiger.campaign.CreateCampaignTest" name="CreateCampaignBaseTest" time="44.105"/>
  <system-out/>
</testsuite> <!-- com.vtiger.campaign.CreateCampaignTest -->
