<?xml version="1.0" encoding="UTF-8"?>
<!-- Generated by org.testng.reporters.JUnitReportReporter -->
<testsuite hostname="DESKTOP-STLTQQF" failures="0" tests="2" name="com.vtiger.practice.TestNgPractice2Test" time="0.025" errors="0" timestamp="2022-05-19T15:07:49 IST" skipped="0">
  <testcase classname="com.vtiger.practice.TestNgPractice2Test" name="practice1Test" time="0.019"/>
  <system-out>
    <![CDATA[TestNgPractice2----> Test1]]>
  </system-out>
  <testcase classname="com.vtiger.practice.TestNgPractice2Test" name="practice3Test" time="0.006"/>
  <system-out>
    <![CDATA[TestNgPractice2----> Test3]]>
  </system-out>
</testsuite> <!-- com.vtiger.practice.TestNgPractice2Test -->
